<?xml version="1.0" encoding="UTF-8"?>
<!-- Generated by org.testng.reporters.JUnitXMLReporter -->
<testsuite ignored="0" hostname="DESKTOP-A7GJ5DU" failures="0" tests="6" name="Default test" time="14.908" errors="0" timestamp="2024-07-07T15:57:08 IST">
  <testcase classname="api.test.DDTests" name="testPostuser" time="5.149"/>
  <testcase classname="api.test.DDTests" name="testPostuser" time="1.221"/>
  <testcase classname="api.test.DDTests" name="testPostuser" time="1.21"/>
  <testcase classname="api.test.DDTests" name="testDeleteUserByName" time="1.229"/>
  <testcase classname="api.test.DDTests" name="testDeleteUserByName" time="1.215"/>
  <testcase classname="api.test.DDTests" name="testDeleteUserByName" time="1.238"/>
</testsuite> <!-- Default test -->
