<?xml version="1.0" encoding="UTF-8"?>
<testng-results ignored="0" total="4" passed="4" failed="0" skipped="0">
  <reporter-output>
  </reporter-output>
  <suite started-at="2024-07-08T15:52:38 IST" name="PetSuite" finished-at="2024-07-08T15:52:53 IST" duration-ms="14865">
    <groups>
    </groups>
    <test started-at="2024-07-08T15:52:38 IST" name="PetTests" finished-at="2024-07-08T15:52:53 IST" duration-ms="14865">
      <class name="api.test.UserTests">
        <test-method is-config="true" signature="setupData()[pri:0, instance:api.test.UserTests@5fdcaa40]" started-at="2024-07-08T15:52:39 IST" name="setupData" finished-at="2024-07-08T15:52:42 IST" duration-ms="2656" status="PASS">
          <reporter-output>
          </reporter-output>
        </test-method> <!-- setupData -->
        <test-method signature="testPOSTUser()[pri:1, instance:api.test.UserTests@5fdcaa40]" started-at="2024-07-08T15:52:42 IST" name="testPOSTUser" finished-at="2024-07-08T15:52:47 IST" duration-ms="5323" status="PASS">
          <reporter-output>
          </reporter-output>
        </test-method> <!-- testPOSTUser -->
        <test-method signature="testGetUserByName()[pri:2, instance:api.test.UserTests@5fdcaa40]" started-at="2024-07-08T15:52:47 IST" name="testGetUserByName" finished-at="2024-07-08T15:52:49 IST" duration-ms="1412" status="PASS">
          <reporter-output>
          </reporter-output>
        </test-method> <!-- testGetUserByName -->
        <test-method signature="testUpdateUserByName()[pri:3, instance:api.test.UserTests@5fdcaa40]" started-at="2024-07-08T15:52:49 IST" name="testUpdateUserByName" finished-at="2024-07-08T15:52:51 IST" duration-ms="2595" status="PASS">
          <reporter-output>
          </reporter-output>
        </test-method> <!-- testUpdateUserByName -->
        <test-method signature="testDeleteUser()[pri:4, instance:api.test.UserTests@5fdcaa40]" started-at="2024-07-08T15:52:51 IST" name="testDeleteUser" finished-at="2024-07-08T15:52:53 IST" duration-ms="1275" status="PASS">
          <reporter-output>
          </reporter-output>
        </test-method> <!-- testDeleteUser -->
      </class> <!-- api.test.UserTests -->
    </test> <!-- PetTests -->
  </suite> <!-- PetSuite -->
</testng-results>
