<?xml version="1.0" encoding="UTF-8"?>
<testsuite xmlns:xsi="http://www.w3.org/2001/XMLSchema-instance" xsi:noNamespaceSchemaLocation="https://maven.apache.org/surefire/maven-surefire-plugin/xsd/surefire-test-report.xsd" version="3.0.1" name="TestSuite" time="18.55" tests="4" errors="0" skipped="0" failures="0">
  <properties>
[...]
</properties>
  <testcase name="testPOSTUser" classname="api.test.UserTests" time="5.341">
    <system-out><![CDATA[2024-07-08T10:22:41.760730900Z main ERROR appenders Appenders has no parameter that matches element Properties
15:52:42.682 [main] INFO  api.test.UserTests - *************** Creating User *******************
HTTP/1.1 200 OK
Date: Mon, 08 Jul 2024 10:22:47 GMT
Content-Type: application/json
Transfer-Encoding: chunked
Connection: keep-alive
Access-Control-Allow-Origin: *
Access-Control-Allow-Methods: GET, POST, DELETE, PUT
Access-Control-Allow-Headers: Content-Type, api_key, Authorization
Server: Jetty(9.2.9.v20150224)

{
    "code": 200,
    "type": "unknown",
    "message": "644052207"
}
15:52:47.871 [main] INFO  api.test.UserTests - *************** User Created *******************
]]></system-out>
    <system-err><![CDATA[SLF4J(W): No SLF4J providers were found.
SLF4J(W): Defaulting to no-operation (NOP) logger implementation
SLF4J(W): See https://www.slf4j.org/codes.html#noProviders for further details.
]]></system-err>
  </testcase>
  <testcase name="testGetUserByName" classname="api.test.UserTests" time="1.398">
    <system-out><![CDATA[15:52:47.894 [main] INFO  api.test.UserTests - *************** Reading User Info *******************
HTTP/1.1 200 OK
Date: Mon, 08 Jul 2024 10:22:49 GMT
Content-Type: application/json
Transfer-Encoding: chunked
Connection: keep-alive
Access-Control-Allow-Origin: *
Access-Control-Allow-Methods: GET, POST, DELETE, PUT
Access-Control-Allow-Headers: Content-Type, api_key, Authorization
Server: Jetty(9.2.9.v20150224)

{
    "id": 644052207,
    "username": "erma.senger",
    "firstName": "Frank",
    "lastName": "Armstrong",
    "email": "jamel.bayer@example.com",
    "password": "m9aoa",
    "phone": "(222) 747-6612",
    "userStatus": 0
}
15:52:49.302 [main] INFO  api.test.UserTests - *************** User info is displayed *******************
]]></system-out>
  </testcase>
  <testcase name="testUpdateUserByName" classname="api.test.UserTests" time="2.586">
    <system-out><![CDATA[15:52:49.307 [main] INFO  api.test.UserTests - *************** Updating User *******************
HTTP/1.1 200 OK
Date: Mon, 08 Jul 2024 10:22:50 GMT
Content-Type: application/json
Transfer-Encoding: chunked
Connection: keep-alive
Access-Control-Allow-Origin: *
Access-Control-Allow-Methods: GET, POST, DELETE, PUT
Access-Control-Allow-Headers: Content-Type, api_key, Authorization
Server: Jetty(9.2.9.v20150224)

{
    "code": 200,
    "type": "unknown",
    "message": "644052207"
}
15:52:50.636 [main] INFO  api.test.UserTests - *************** User Updated *******************
]]></system-out>
  </testcase>
  <testcase name="testDeleteUser" classname="api.test.UserTests" time="1.278">
    <system-out><![CDATA[15:52:51.903 [main] INFO  api.test.UserTests - *************** Deleting User *******************
15:52:53.176 [main] INFO  api.test.UserTests - *************** User Deleted *******************
]]></system-out>
  </testcase>
</testsuite>