<?xml version="1.0" encoding="UTF-8"?>
<testng-results ignored="0" total="4" passed="4" failed="0" skipped="0">
  <reporter-output>
  </reporter-output>
  <suite started-at="2024-07-08T14:09:19 IST" name="PetSuite" finished-at="2024-07-08T14:09:29 IST" duration-ms="10948">
    <groups>
    </groups>
    <test started-at="2024-07-08T14:09:19 IST" name="PetTests" finished-at="2024-07-08T14:09:29 IST" duration-ms="10948">
      <class name="api.test.UserTests">
        <test-method is-config="true" signature="setupData()[pri:0, instance:api.test.UserTests@235ecd9f]" started-at="2024-07-08T14:09:19 IST" name="setupData" finished-at="2024-07-08T14:09:20 IST" duration-ms="1163" status="PASS">
          <reporter-output>
          </reporter-output>
        </test-method> <!-- setupData -->
        <test-method signature="testPOSTUser()[pri:1, instance:api.test.UserTests@235ecd9f]" started-at="2024-07-08T14:09:20 IST" name="testPOSTUser" finished-at="2024-07-08T14:09:24 IST" duration-ms="4237" status="PASS">
          <reporter-output>
          </reporter-output>
        </test-method> <!-- testPOSTUser -->
        <test-method signature="testGetUserByName()[pri:2, instance:api.test.UserTests@235ecd9f]" started-at="2024-07-08T14:09:24 IST" name="testGetUserByName" finished-at="2024-07-08T14:09:26 IST" duration-ms="1218" status="PASS">
          <reporter-output>
          </reporter-output>
        </test-method> <!-- testGetUserByName -->
        <test-method signature="testUpdateUserByName()[pri:3, instance:api.test.UserTests@235ecd9f]" started-at="2024-07-08T14:09:26 IST" name="testUpdateUserByName" finished-at="2024-07-08T14:09:28 IST" duration-ms="2599" status="PASS">
          <reporter-output>
          </reporter-output>
        </test-method> <!-- testUpdateUserByName -->
        <test-method signature="testDeleteUser()[pri:4, instance:api.test.UserTests@235ecd9f]" started-at="2024-07-08T14:09:28 IST" name="testDeleteUser" finished-at="2024-07-08T14:09:29 IST" duration-ms="1204" status="PASS">
          <reporter-output>
          </reporter-output>
        </test-method> <!-- testDeleteUser -->
      </class> <!-- api.test.UserTests -->
    </test> <!-- PetTests -->
  </suite> <!-- PetSuite -->
</testng-results>
