<?xml version="1.0" encoding="UTF-8"?>
<!-- Generated by org.testng.reporters.JUnitXMLReporter -->
<testsuite ignored="0" hostname="DESKTOP-A7GJ5DU" failures="0" tests="4" name="PetTests" time="14.865" errors="0" timestamp="2024-07-08T15:52:53 IST">
  <testcase classname="api.test.UserTests" name="testPOSTUser" time="5.323"/>
  <testcase classname="api.test.UserTests" name="testGetUserByName" time="1.412"/>
  <testcase classname="api.test.UserTests" name="testUpdateUserByName" time="2.595"/>
  <testcase classname="api.test.UserTests" name="testDeleteUser" time="1.275"/>
</testsuite> <!-- PetTests -->
